<?xml version="1.0" encoding="utf-8"?><testsuites name="pytest tests"><testsuite name="pytest" errors="0" failures="0" skipped="0" tests="9" time="1.446" timestamp="2025-08-09T11:09:35.006242-04:00" hostname="Faruks-MacBook-Pro-2118.local"><testcase classname="tests.unit.test_ai_guidance_generator_fixes.TestAIGuidanceGeneratorParameterMismatchFixes" name="test_generate_step_by_step_instructions_correct_parameters" time="0.001" /><testcase classname="tests.unit.test_ai_guidance_generator_fixes.TestAIGuidanceGeneratorParameterMismatchFixes" name="test_generate_step_by_step_instructions_different_detail_levels" time="0.001" /><testcase classname="tests.unit.test_ai_guidance_generator_fixes.TestAIGuidanceGeneratorParameterMismatchFixes" name="test_generate_step_by_step_instructions_parameter_validation" time="0.001" /><testcase classname="tests.unit.test_ai_guidance_generator_fixes.TestAIGuidanceGeneratorParameterMismatchFixes" name="test_generate_step_by_step_instructions_empty_execution_plan" time="0.001" /><testcase classname="tests.unit.test_ai_guidance_generator_fixes.TestAIGuidanceGeneratorParameterMismatchFixes" name="test_generate_execution_guidance_with_context" time="0.000" /><testcase classname="tests.unit.test_ai_guidance_generator_fixes.TestAIGuidanceGeneratorExecutionEnvironmentFixes" name="test_execution_environment_attribute_access" time="0.000" /><testcase classname="tests.unit.test_ai_guidance_generator_fixes.TestAIGuidanceGeneratorExecutionEnvironmentFixes" name="test_missing_execution_environment_handling" time="0.000" /><testcase classname="tests.unit.test_ai_guidance_generator_fixes.TestAIGuidanceGeneratorExecutionEnvironmentFixes" name="test_none_execution_environment_handling" time="0.000" /><testcase classname="tests.unit.test_ai_guidance_generator_fixes.TestAIGuidanceGeneratorExecutionEnvironmentFixes" name="test_default_execution_environment_behavior" time="0.000" /></testsuite></testsuites>