<?xml version="1.0" encoding="utf-8"?><testsuites name="pytest tests"><testsuite name="pytest" errors="0" failures="0" skipped="0" tests="14" time="0.860" timestamp="2025-08-09T11:09:36.732362-04:00" hostname="Faruks-MacBook-Pro-2118.local"><testcase classname="tests.unit.test_status_monitoring_fixes.TestUnifiedExecutionToolStatusMonitoring" name="test_status_update_consistency" time="0.002" /><testcase classname="tests.unit.test_status_monitoring_fixes.TestUnifiedExecutionToolStatusMonitoring" name="test_status_validation_before_update" time="0.001" /><testcase classname="tests.unit.test_status_monitoring_fixes.TestUnifiedExecutionToolStatusMonitoring" name="test_status_transition_validation" time="0.001" /><testcase classname="tests.unit.test_status_monitoring_fixes.TestUnifiedExecutionToolStatusMonitoring" name="test_status_metadata_consistency" time="0.001" /><testcase classname="tests.unit.test_status_monitoring_fixes.TestUnifiedExecutionToolStatusMonitoring" name="test_bulk_status_updates" time="0.019" /><testcase classname="tests.unit.test_status_monitoring_fixes.TestUnifiedSearchToolFixes" name="test_search_query_building" time="0.001" /><testcase classname="tests.unit.test_status_monitoring_fixes.TestUnifiedSearchToolFixes" name="test_search_result_ranking" time="0.001" /><testcase classname="tests.unit.test_status_monitoring_fixes.TestUnifiedSearchToolFixes" name="test_search_filter_application" time="0.001" /><testcase classname="tests.unit.test_status_monitoring_fixes.TestUnifiedSearchToolFixes" name="test_empty_search_query_handling" time="0.001" /><testcase classname="tests.unit.test_status_monitoring_fixes.TestUnifiedSearchToolFixes" name="test_search_pagination" time="0.001" /><testcase classname="tests.unit.test_status_monitoring_fixes.TestUnifiedSearchToolFixes" name="test_search_error_handling" time="0.001" /><testcase classname="tests.unit.test_status_monitoring_fixes.TestUnifiedSearchToolFixes" name="test_search_performance_optimization" time="0.001" /><testcase classname="tests.unit.test_status_monitoring_fixes.TestStatusMonitoringIntegration" name="test_end_to_end_status_workflow" time="0.001" /><testcase classname="tests.unit.test_status_monitoring_fixes.TestStatusMonitoringIntegration" name="test_concurrent_status_updates" time="0.001" /></testsuite></testsuites>